Determining if the function wsyncup exists in the /usr/lib/i386-linux-gnu/libcurses.so passed with the following output:
Change Dir: /home/hehao/working/libwebsocket/cmake-3.12.2/Source/Checks/Curses-build/CMakeFiles/CMakeTmp

Run Build Command:"/usr/bin/make" "cmTC_2cef5/fast"
make -f CMakeFiles/cmTC_2cef5.dir/build.make CMakeFiles/cmTC_2cef5.dir/build
make[1]: Entering directory `/home/hehao/working/libwebsocket/cmake-3.12.2/Source/Checks/Curses-build/CMakeFiles/CMakeTmp'
Building C object CMakeFiles/cmTC_2cef5.dir/CheckFunctionExists.c.o
/usr/bin/gcc   -DCHECK_FUNCTION_EXISTS=wsyncup   -o CMakeFiles/cmTC_2cef5.dir/CheckFunctionExists.c.o   -c /home/hehao/working/libwebsocket/cmake-3.12.2/Modules/CheckFunctionExists.c
Linking C executable cmTC_2cef5
/home/hehao/working/libwebsocket/cmake-3.12.2/Bootstrap.cmk/cmake -E cmake_link_script CMakeFiles/cmTC_2cef5.dir/link.txt --verbose=1
/usr/bin/gcc  -DCHECK_FUNCTION_EXISTS=wsyncup    -rdynamic CMakeFiles/cmTC_2cef5.dir/CheckFunctionExists.c.o  -o cmTC_2cef5 -lcurses 
make[1]: Leaving directory `/home/hehao/working/libwebsocket/cmake-3.12.2/Source/Checks/Curses-build/CMakeFiles/CMakeTmp'


Determining if the function cbreak exists in the /usr/lib/i386-linux-gnu/libncurses.so passed with the following output:
Change Dir: /home/hehao/working/libwebsocket/cmake-3.12.2/Source/Checks/Curses-build/CMakeFiles/CMakeTmp

Run Build Command:"/usr/bin/make" "cmTC_18221/fast"
make -f CMakeFiles/cmTC_18221.dir/build.make CMakeFiles/cmTC_18221.dir/build
make[1]: Entering directory `/home/hehao/working/libwebsocket/cmake-3.12.2/Source/Checks/Curses-build/CMakeFiles/CMakeTmp'
Building C object CMakeFiles/cmTC_18221.dir/CheckFunctionExists.c.o
/usr/bin/gcc   -DCHECK_FUNCTION_EXISTS=cbreak   -o CMakeFiles/cmTC_18221.dir/CheckFunctionExists.c.o   -c /home/hehao/working/libwebsocket/cmake-3.12.2/Modules/CheckFunctionExists.c
Linking C executable cmTC_18221
/home/hehao/working/libwebsocket/cmake-3.12.2/Bootstrap.cmk/cmake -E cmake_link_script CMakeFiles/cmTC_18221.dir/link.txt --verbose=1
/usr/bin/gcc  -DCHECK_FUNCTION_EXISTS=cbreak    -rdynamic CMakeFiles/cmTC_18221.dir/CheckFunctionExists.c.o  -o cmTC_18221 -lncurses 
make[1]: Leaving directory `/home/hehao/working/libwebsocket/cmake-3.12.2/Source/Checks/Curses-build/CMakeFiles/CMakeTmp'


